20:19:00 **** Build of configuration Debug for project test7 ****
make all 
make --no-print-directory pre-build
a9-linaro-pre-build-step
' '
make --no-print-directory main-build
'Building file: ../src/dynclk/dynclk.c'
'Invoking: ARM v7 gcc compiler'
arm-none-eabi-gcc -Wall -O0 -g3 -c -fmessage-length=0 -MT"src/dynclk/dynclk.o" -mcpu=cortex-a9 -mfpu=vfpv3 -mfloat-abi=hard -IC:/Users/Administrator/Documents/Gitkraken/spec/vitis_experiment/design_1_wrapper7/export/design_1_wrapper7/sw/design_1_wrapper7/standalone_ps7_cortexa9_0/bspinclude/include -MMD -MP -MF"src/dynclk/dynclk.d" -MT"src/dynclk/dynclk.o" -o "src/dynclk/dynclk.o" "../src/dynclk/dynclk.c"
'Finished building: ../src/dynclk/dynclk.c'
' '
'Building file: ../src/display_ctrl/display_ctrl.c'
'Invoking: ARM v7 gcc compiler'
arm-none-eabi-gcc -Wall -O0 -g3 -c -fmessage-length=0 -MT"src/display_ctrl/display_ctrl.o" -mcpu=cortex-a9 -mfpu=vfpv3 -mfloat-abi=hard -IC:/Users/Administrator/Documents/Gitkraken/spec/vitis_experiment/design_1_wrapper7/export/design_1_wrapper7/sw/design_1_wrapper7/standalone_ps7_cortexa9_0/bspinclude/include -MMD -MP -MF"src/display_ctrl/display_ctrl.d" -MT"src/display_ctrl/display_ctrl.o" -o "src/display_ctrl/display_ctrl.o" "../src/display_ctrl/display_ctrl.c"
'Finished building: ../src/display_ctrl/display_ctrl.c'
' '
'Building file: ../src/SparkFun_AS7265X.c'
'Invoking: ARM v7 gcc compiler'
arm-none-eabi-gcc -Wall -O0 -g3 -c -fmessage-length=0 -MT"src/SparkFun_AS7265X.o" -mcpu=cortex-a9 -mfpu=vfpv3 -mfloat-abi=hard -IC:/Users/Administrator/Documents/Gitkraken/spec/vitis_experiment/design_1_wrapper7/export/design_1_wrapper7/sw/design_1_wrapper7/standalone_ps7_cortexa9_0/bspinclude/include -MMD -MP -MF"src/SparkFun_AS7265X.d" -MT"src/SparkFun_AS7265X.o" -o "src/SparkFun_AS7265X.o" "../src/SparkFun_AS7265X.c"
../src/SparkFun_AS7265X.c:28:10: fatal error: xiic.h: No such file or directory
   28 | #include "xiic.h"
      |          ^~~~~~~~
compilation terminated.
make[1]: *** [src/subdir.mk:29: src/SparkFun_AS7265X.o] Error 1
make: *** [makefile:36: all] Error 2

20:19:01 Build Finished (took 920ms)

